# JRE version: OpenJDK Runtime Environment (17.0.6) (build 17.0.6+0-b2043.56-10027231)
# Java VM: OpenJDK 64-Bit Server VM (17.0.6+0-b2043.56-10027231, mixed mode, tiered, compressed oops, compressed class ptrs, g1 gc, windows-amd64)
GC Precious Log:
 CPUs: 8 total, 8 available
 Memory: 7865M
 Large Page Support: Disabled
 NUMA Support: Disabled
 Compressed Oops: Enabled (32-bit)
 Heap Region Size: 1M
 Heap Min Capacity: 8M
 Heap Initial Capacity: 124M
 Heap Max Capacity: 2G
 Pre-touch: Disabled
 Parallel Workers: 8
 Concurrent Workers: 2
 Concurrent Refinement Workers: 8
 Periodic GC: Disabled
Heap:
 garbage-first heap   total 256000K, used 82683K [0x0000000080000000, 0x0000000100000000)
  region size 1024K, 9 young (9216K), 9 survivors (9216K)
 Metaspace       used 53791K, committed 54336K, reserved 1097728K
  class space    used 6964K, committed 7232K, reserved 1048576K
GC Heap History (20 events):
Event: 12.409 GC heap after
{Heap after GC invocations=55 (full 0):
 garbage-first heap   total 256000K, used 75728K [0x0000000080000000, 0x0000000100000000)
  region size 1024K, 8 young (8192K), 8 survivors (8192K)
 Metaspace       used 53728K, committed 54272K, reserved 1097728K
  class space    used 6956K, committed 7232K, reserved 1048576K
}
Event: 12.632 GC heap before
{Heap before GC invocations=55 (full 0):
 garbage-first heap   total 256000K, used 220112K [0x0000000080000000, 0x0000000100000000)
  region size 1024K, 149 young (152576K), 8 survivors (8192K)
 Metaspace       used 53729K, committed 54272K, reserved 1097728K
  class space    used 6956K, committed 7232K, reserved 1048576K
}
Event: 12.636 GC heap after
{Heap after GC invocations=56 (full 0):
 garbage-first heap   total 256000K, used 76372K [0x0000000080000000, 0x0000000100000000)
  region size 1024K, 8 young (8192K), 8 survivors (8192K)
 Metaspace       used 53729K, committed 54272K, reserved 1097728K
  class space    used 6956K, committed 7232K, reserved 1048576K
}
Event: 12.930 GC heap before
{Heap before GC invocations=56 (full 0):
 garbage-first heap   total 256000K, used 220756K [0x0000000080000000, 0x0000000100000000)
  region size 1024K, 149 young (152576K), 8 survivors (8192K)
 Metaspace       used 53759K, committed 54336K, reserved 1097728K
  class space    used 6964K, committed 7232K, reserved 1048576K
}
Event: 12.933 GC heap after
{Heap after GC invocations=57 (full 0):
 garbage-first heap   total 256000K, used 77182K [0x0000000080000000, 0x0000000100000000)
  region size 1024K, 9 young (9216K), 9 survivors (9216K)
 Metaspace       used 53759K, committed 54336K, reserved 1097728K
  class space    used 6964K, committed 7232K, reserved 1048576K
}
Event: 13.137 GC heap before
{Heap before GC invocations=57 (full 0):
 garbage-first heap   total 256000K, used 219518K [0x0000000080000000, 0x0000000100000000)
  region size 1024K, 148 young (151552K), 9 survivors (9216K)
 Metaspace       used 53759K, committed 54336K, reserved 1097728K
  class space    used 6964K, committed 7232K, reserved 1048576K
}
Event: 13.140 GC heap after
{Heap after GC invocations=58 (full 0):
 garbage-first heap   total 256000K, used 77241K [0x0000000080000000, 0x0000000100000000)
  region size 1024K, 9 young (9216K), 9 survivors (9216K)
 Metaspace       used 53759K, committed 54336K, reserved 1097728K
  class space    used 6964K, committed 7232K, reserved 1048576K
}
Event: 13.400 GC heap before
{Heap before GC invocations=58 (full 0):
 garbage-first heap   total 256000K, used 229817K [0x0000000080000000, 0x0000000100000000)
  region size 1024K, 148 young (151552K), 9 survivors (9216K)
 Metaspace       used 53783K, committed 54336K, reserved 1097728K
  class space    used 6964K, committed 7232K, reserved 1048576K
}
Event: 13.404 GC heap after
{Heap after GC invocations=59 (full 0):
 garbage-first heap   total 256000K, used 78300K [0x0000000080000000, 0x0000000100000000)
  region size 1024K, 10 young (10240K), 10 survivors (10240K)
 Metaspace       used 53783K, committed 54336K, reserved 1097728K
  class space    used 6964K, committed 7232K, reserved 1048576K
}
Event: 13.604 GC heap before
{Heap before GC invocations=59 (full 0):
 garbage-first heap   total 256000K, used 218588K [0x0000000080000000, 0x0000000100000000)
  region size 1024K, 147 young (150528K), 10 survivors (10240K)
 Metaspace       used 53784K, committed 54336K, reserved 1097728K
  class space    used 6964K, committed 7232K, reserved 1048576K
}
Event: 13.608 GC heap after
{Heap after GC invocations=60 (full 0):
 garbage-first heap   total 256000K, used 78822K [0x0000000080000000, 0x0000000100000000)
  region size 1024K, 10 young (10240K), 10 survivors (10240K)
 Metaspace       used 53784K, committed 54336K, reserved 1097728K
  class space    used 6964K, committed 7232K, reserved 1048576K
}
Event: 13.799 GC heap before
{Heap before GC invocations=60 (full 0):
 garbage-first heap   total 256000K, used 219110K [0x0000000080000000, 0x0000000100000000)
  region size 1024K, 147 young (150528K), 10 survivors (10240K)
 Metaspace       used 53784K, committed 54336K, reserved 1097728K
  class space    used 6964K, committed 7232K, reserved 1048576K
}
Event: 13.804 GC heap after
{Heap after GC invocations=61 (full 0):
 garbage-first heap   total 256000K, used 79256K [0x0000000080000000, 0x0000000100000000)
  region size 1024K, 11 young (11264K), 11 survivors (11264K)
 Metaspace       used 53784K, committed 54336K, reserved 1097728K
  class space    used 6964K, committed 7232K, reserved 1048576K
}
Event: 13.992 GC heap before
{Heap before GC invocations=61 (full 0):
 garbage-first heap   total 256000K, used 217496K [0x0000000080000000, 0x0000000100000000)
  region size 1024K, 146 young (149504K), 11 survivors (11264K)
 Metaspace       used 53785K, committed 54336K, reserved 1097728K
  class space    used 6964K, committed 7232K, reserved 1048576K
}
Event: 13.997 GC heap after
{Heap after GC invocations=62 (full 0):
 garbage-first heap   total 256000K, used 80018K [0x0000000080000000, 0x0000000100000000)
  region size 1024K, 9 young (9216K), 9 survivors (9216K)
 Metaspace       used 53785K, committed 54336K, reserved 1097728K
  class space    used 6964K, committed 7232K, reserved 1048576K
}
Event: 14.167 GC heap before
{Heap before GC invocations=62 (full 0):
 garbage-first heap   total 256000K, used 219282K [0x0000000080000000, 0x0000000100000000)
  region size 1024K, 145 young (148480K), 9 survivors (9216K)
 Metaspace       used 53786K, committed 54336K, reserved 1097728K
  class space    used 6964K, committed 7232K, reserved 1048576K
}
Event: 14.171 GC heap after
{Heap after GC invocations=63 (full 0):
 garbage-first heap   total 256000K, used 81219K [0x0000000080000000, 0x0000000100000000)
  region size 1024K, 10 young (10240K), 10 survivors (10240K)
 Metaspace       used 53786K, committed 54336K, reserved 1097728K
  class space    used 6964K, committed 7232K, reserved 1048576K
}
Event: 14.346 GC heap before
{Heap before GC invocations=63 (full 0):
 garbage-first heap   total 256000K, used 218435K [0x0000000080000000, 0x0000000100000000)
  region size 1024K, 144 young (147456K), 10 survivors (10240K)
 Metaspace       used 53786K, committed 54336K, reserved 1097728K
  class space    used 6964K, committed 7232K, reserved 1048576K
}
Event: 14.350 GC heap after
{Heap after GC invocations=64 (full 0):
 garbage-first heap   total 256000K, used 82047K [0x0000000080000000, 0x0000000100000000)
  region size 1024K, 11 young (11264K), 11 survivors (11264K)
 Metaspace       used 53786K, committed 54336K, reserved 1097728K
  class space    used 6964K, committed 7232K, reserved 1048576K
}
Event: 14.503 GC heap before
{Heap before GC invocations=64 (full 0):
 garbage-first heap   total 256000K, used 217215K [0x0000000080000000, 0x0000000100000000)
  region size 1024K, 143 young (146432K), 11 survivors (11264K)
 Metaspace       used 53791K, committed 54336K, reserved 1097728K
  class space    used 6964K, committed 7232K, reserved 1048576K
}

