# JRE version: OpenJDK Runtime Environment (17.0.6) (build 17.0.6+0-b2043.56-10027231)
# Java VM: OpenJDK 64-Bit Server VM (17.0.6+0-b2043.56-10027231, mixed mode, tiered, compressed oops, compressed class ptrs, g1 gc, windows-amd64)
GC Precious Log:
 CPUs: 8 total, 8 available
 Memory: 7865M
 Large Page Support: Disabled
 NUMA Support: Disabled
 Compressed Oops: Enabled (32-bit)
 Heap Region Size: 1M
 Heap Min Capacity: 8M
 Heap Initial Capacity: 124M
 Heap Max Capacity: 2G
 Pre-touch: Disabled
 Parallel Workers: 8
 Concurrent Workers: 2
 Concurrent Refinement Workers: 8
 Periodic GC: Disabled
Heap:
 garbage-first heap   total 122880K, used 73384K [0x0000000080000000, 0x0000000100000000)
  region size 1024K, 12 young (12288K), 5 survivors (5120K)
 Metaspace       used 51196K, committed 51648K, reserved 1097728K
  class space    used 6807K, committed 7040K, reserved 1048576K
GC Heap History (20 events):
Event: 4.219 GC heap before
{Heap before GC invocations=8 (full 0):
 garbage-first heap   total 92160K, used 67466K [0x0000000080000000, 0x0000000100000000)
  region size 1024K, 23 young (23552K), 3 survivors (3072K)
 Metaspace       used 33699K, committed 34048K, reserved 1081344K
  class space    used 4714K, committed 4864K, reserved 1048576K
}
Event: 4.221 GC heap after
{Heap after GC invocations=9 (full 0):
 garbage-first heap   total 92160K, used 49106K [0x0000000080000000, 0x0000000100000000)
  region size 1024K, 1 young (1024K), 1 survivors (1024K)
 Metaspace       used 33699K, committed 34048K, reserved 1081344K
  class space    used 4714K, committed 4864K, reserved 1048576K
}
Event: 4.436 GC heap before
{Heap before GC invocations=10 (full 0):
 garbage-first heap   total 92160K, used 69586K [0x0000000080000000, 0x0000000100000000)
  region size 1024K, 22 young (22528K), 1 survivors (1024K)
 Metaspace       used 37650K, committed 37952K, reserved 1081344K
  class space    used 5121K, committed 5248K, reserved 1048576K
}
Event: 4.438 GC heap after
{Heap after GC invocations=11 (full 0):
 garbage-first heap   total 92160K, used 51135K [0x0000000080000000, 0x0000000100000000)
  region size 1024K, 3 young (3072K), 3 survivors (3072K)
 Metaspace       used 37650K, committed 37952K, reserved 1081344K
  class space    used 5121K, committed 5248K, reserved 1048576K
}
Event: 4.550 GC heap before
{Heap before GC invocations=11 (full 0):
 garbage-first heap   total 92160K, used 71615K [0x0000000080000000, 0x0000000100000000)
  region size 1024K, 24 young (24576K), 3 survivors (3072K)
 Metaspace       used 39847K, committed 40192K, reserved 1089536K
  class space    used 5534K, committed 5696K, reserved 1048576K
}
Event: 4.553 GC heap after
{Heap after GC invocations=12 (full 0):
 garbage-first heap   total 92160K, used 52241K [0x0000000080000000, 0x0000000100000000)
  region size 1024K, 2 young (2048K), 2 survivors (2048K)
 Metaspace       used 39847K, committed 40192K, reserved 1089536K
  class space    used 5534K, committed 5696K, reserved 1048576K
}
Event: 4.853 GC heap before
{Heap before GC invocations=13 (full 0):
 garbage-first heap   total 92160K, used 73745K [0x0000000080000000, 0x0000000100000000)
  region size 1024K, 23 young (23552K), 2 survivors (2048K)
 Metaspace       used 43382K, committed 43776K, reserved 1089536K
  class space    used 5911K, committed 6144K, reserved 1048576K
}
Event: 4.855 GC heap after
{Heap after GC invocations=14 (full 0):
 garbage-first heap   total 110592K, used 54100K [0x0000000080000000, 0x0000000100000000)
  region size 1024K, 2 young (2048K), 2 survivors (2048K)
 Metaspace       used 43382K, committed 43776K, reserved 1089536K
  class space    used 5911K, committed 6144K, reserved 1048576K
}
Event: 5.093 GC heap before
{Heap before GC invocations=14 (full 0):
 garbage-first heap   total 110592K, used 72532K [0x0000000080000000, 0x0000000100000000)
  region size 1024K, 21 young (21504K), 2 survivors (2048K)
 Metaspace       used 47420K, committed 47808K, reserved 1097728K
  class space    used 6372K, committed 6528K, reserved 1048576K
}
Event: 5.096 GC heap after
{Heap after GC invocations=15 (full 0):
 garbage-first heap   total 110592K, used 57506K [0x0000000080000000, 0x0000000100000000)
  region size 1024K, 5 young (5120K), 5 survivors (5120K)
 Metaspace       used 47420K, committed 47808K, reserved 1097728K
  class space    used 6372K, committed 6528K, reserved 1048576K
}
Event: 5.383 GC heap before
{Heap before GC invocations=16 (full 0):
 garbage-first heap   total 110592K, used 90274K [0x0000000080000000, 0x0000000100000000)
  region size 1024K, 34 young (34816K), 5 survivors (5120K)
 Metaspace       used 49835K, committed 50304K, reserved 1097728K
  class space    used 6646K, committed 6848K, reserved 1048576K
}
Event: 5.387 GC heap after
{Heap after GC invocations=17 (full 0):
 garbage-first heap   total 110592K, used 58948K [0x0000000080000000, 0x0000000100000000)
  region size 1024K, 2 young (2048K), 2 survivors (2048K)
 Metaspace       used 49835K, committed 50304K, reserved 1097728K
  class space    used 6646K, committed 6848K, reserved 1048576K
}
Event: 5.468 GC heap before
{Heap before GC invocations=17 (full 0):
 garbage-first heap   total 110592K, used 66116K [0x0000000080000000, 0x0000000100000000)
  region size 1024K, 10 young (10240K), 2 survivors (2048K)
 Metaspace       used 50916K, committed 51328K, reserved 1097728K
  class space    used 6808K, committed 7040K, reserved 1048576K
}
Event: 5.469 GC heap after
{Heap after GC invocations=18 (full 0):
 garbage-first heap   total 110592K, used 58920K [0x0000000080000000, 0x0000000100000000)
  region size 1024K, 2 young (2048K), 2 survivors (2048K)
 Metaspace       used 50916K, committed 51328K, reserved 1097728K
  class space    used 6808K, committed 7040K, reserved 1048576K
}
Event: 5.576 GC heap before
{Heap before GC invocations=19 (full 0):
 garbage-first heap   total 122880K, used 94760K [0x0000000080000000, 0x0000000100000000)
  region size 1024K, 32 young (32768K), 2 survivors (2048K)
 Metaspace       used 51153K, committed 51648K, reserved 1097728K
  class space    used 6810K, committed 7040K, reserved 1048576K
}
Event: 5.578 GC heap after
{Heap after GC invocations=20 (full 0):
 garbage-first heap   total 122880K, used 62873K [0x0000000080000000, 0x0000000100000000)
  region size 1024K, 3 young (3072K), 3 survivors (3072K)
 Metaspace       used 51153K, committed 51648K, reserved 1097728K
  class space    used 6810K, committed 7040K, reserved 1048576K
}
Event: 5.680 GC heap before
{Heap before GC invocations=20 (full 0):
 garbage-first heap   total 122880K, used 99737K [0x0000000080000000, 0x0000000100000000)
  region size 1024K, 40 young (40960K), 3 survivors (3072K)
 Metaspace       used 51207K, committed 51648K, reserved 1097728K
  class space    used 6810K, committed 7040K, reserved 1048576K
}
Event: 5.682 GC heap after
{Heap after GC invocations=21 (full 0):
 garbage-first heap   total 122880K, used 62338K [0x0000000080000000, 0x0000000100000000)
  region size 1024K, 1 young (1024K), 1 survivors (1024K)
 Metaspace       used 51207K, committed 51648K, reserved 1097728K
  class space    used 6810K, committed 7040K, reserved 1048576K
}
Event: 5.727 GC heap before
{Heap before GC invocations=22 (full 0):
 garbage-first heap   total 122880K, used 71554K [0x0000000080000000, 0x0000000100000000)
  region size 1024K, 10 young (10240K), 1 survivors (1024K)
 Metaspace       used 51207K, committed 51648K, reserved 1097728K
  class space    used 6810K, committed 7040K, reserved 1048576K
}
Event: 5.730 GC heap after
{Heap after GC invocations=23 (full 0):
 garbage-first heap   total 122880K, used 66216K [0x0000000080000000, 0x0000000100000000)
  region size 1024K, 5 young (5120K), 5 survivors (5120K)
 Metaspace       used 51207K, committed 51648K, reserved 1097728K
  class space    used 6810K, committed 7040K, reserved 1048576K
}

